<?xml version="1.0" encoding="UTF-8"?>
<testsuite xmlns:xsi="http://www.w3.org/2001/XMLSchema-instance" xsi:noNamespaceSchemaLocation="https://maven.apache.org/surefire/maven-surefire-plugin/xsd/surefire-test-report-3.0.xsd" version="3.0" name="com.docker.sample.SampleApplicationTests" time="6.969" tests="1" errors="0" skipped="0" failures="0">
  <properties>
[...]
</properties>
  <testcase name="contextLoads" classname="com.docker.sample.SampleApplicationTests" time="2.426">
    <system-out><![CDATA[13:46:33.474 [main] INFO org.springframework.test.context.support.AnnotationConfigContextLoaderUtils -- Could not detect default configuration classes for test class [com.docker.sample.SampleApplicationTests]: SampleApplicationTests does not declare any static, non-private, non-final, nested classes annotated with @Configuration.
13:46:33.752 [main] INFO org.springframework.boot.test.context.SpringBootTestContextBootstrapper -- Found @SpringBootConfiguration com.docker.sample.SampleApplication for test class com.docker.sample.SampleApplicationTests

  .   ____          _            __ _ _
 /\\ / ___'_ __ _ _(_)_ __  __ _ \ \ \ \
( ( )\___ | '_ | '_| | '_ \/ _` | \ \ \ \
 \\/  ___)| |_)| | | | | || (_| |  ) ) ) )
  '  |____| .__|_| |_|_| |_\__, | / / / /
 =========|_|==============|___/=/_/_/_/
 :: Spring Boot ::                (v3.2.5)

2024-05-14T13:46:34.971+05:30  INFO 7808 --- [sample] [           main] c.docker.sample.SampleApplicationTests   : Starting SampleApplicationTests using Java 17.0.9 with PID 7808 (started by Admin in E:\project2024\docker\sample)
2024-05-14T13:46:34.979+05:30  INFO 7808 --- [sample] [           main] c.docker.sample.SampleApplicationTests   : No active profile set, falling back to 1 default profile: "default"
2024-05-14T13:46:37.631+05:30  INFO 7808 --- [sample] [           main] c.docker.sample.SampleApplicationTests   : Started SampleApplicationTests in 3.353 seconds (process running for 5.873)
]]></system-out>
  </testcase>
</testsuite>